<?xml version="1.0" encoding="UTF-8"?>
<testsuite xmlns:xsi="http://www.w3.org/2001/XMLSchema-instance" xsi:noNamespaceSchemaLocation="https://maven.apache.org/surefire/maven-surefire-plugin/xsd/surefire-test-report-3.0.xsd" version="3.0" name="com.udemy.chaddarby.spring_boot_unit_testing.DemoUtilsTest" time="2.116" tests="10" errors="0" skipped="0" failures="0">
  <properties>
    <property name="java.specification.version" value="17"/>
    <property name="sun.cpu.isalist" value="amd64"/>
    <property name="sun.jnu.encoding" value="Cp1252"/>
    <property name="java.class.path" value="D:\projects\Udemy\Chad_Darby\spring_boot_unit_testing_cd_forked\sec_2_junit_review\target\test-classes;D:\projects\Udemy\Chad_Darby\spring_boot_unit_testing_cd_forked\sec_2_junit_review\target\classes;C:\Users\vtminh1\.m2\repository\org\junit\jupiter\junit-jupiter\5.8.2\junit-jupiter-5.8.2.jar;C:\Users\vtminh1\.m2\repository\org\junit\jupiter\junit-jupiter-api\5.8.2\junit-jupiter-api-5.8.2.jar;C:\Users\vtminh1\.m2\repository\org\opentest4j\opentest4j\1.2.0\opentest4j-1.2.0.jar;C:\Users\vtminh1\.m2\repository\org\junit\platform\junit-platform-commons\1.8.2\junit-platform-commons-1.8.2.jar;C:\Users\vtminh1\.m2\repository\org\apiguardian\apiguardian-api\1.1.2\apiguardian-api-1.1.2.jar;C:\Users\vtminh1\.m2\repository\org\junit\jupiter\junit-jupiter-params\5.8.2\junit-jupiter-params-5.8.2.jar;C:\Users\vtminh1\.m2\repository\org\junit\jupiter\junit-jupiter-engine\5.8.2\junit-jupiter-engine-5.8.2.jar;C:\Users\vtminh1\.m2\repository\org\junit\platform\junit-platform-engine\1.8.2\junit-platform-engine-1.8.2.jar;C:\Users\vtminh1\.m2\repository\org\hamcrest\hamcrest\2.2\hamcrest-2.2.jar;C:\Users\vtminh1\.m2\repository\org\mockito\mockito-inline\4.6.1\mockito-inline-4.6.1.jar;C:\Users\vtminh1\.m2\repository\org\mockito\mockito-core\4.6.1\mockito-core-4.6.1.jar;C:\Users\vtminh1\.m2\repository\net\bytebuddy\byte-buddy\1.12.10\byte-buddy-1.12.10.jar;C:\Users\vtminh1\.m2\repository\net\bytebuddy\byte-buddy-agent\1.12.10\byte-buddy-agent-1.12.10.jar;C:\Users\vtminh1\.m2\repository\org\objenesis\objenesis\3.2\objenesis-3.2.jar;C:\Users\vtminh1\.m2\repository\org\mockito\mockito-junit-jupiter\4.6.1\mockito-junit-jupiter-4.6.1.jar;"/>
    <property name="java.vm.vendor" value="Oracle Corporation"/>
    <property name="sun.arch.data.model" value="64"/>
    <property name="user.variant" value=""/>
    <property name="java.vendor.url" value="https://java.oracle.com/"/>
    <property name="user.timezone" value="Asia/Bangkok"/>
    <property name="os.name" value="Windows 11"/>
    <property name="java.vm.specification.version" value="17"/>
    <property name="sun.java.launcher" value="SUN_STANDARD"/>
    <property name="user.country" value="US"/>
    <property name="sun.boot.library.path" value="C:\Program Files\Java\jdk-17.0.5\bin"/>
    <property name="sun.java.command" value="C:\Users\vtminh1\AppData\Local\Temp\surefire7810376986661970690\surefirebooter12690220437820766205.jar C:\Users\vtminh1\AppData\Local\Temp\surefire7810376986661970690 2022-12-13T13-14-16_713-jvmRun1 surefire16821954167018886335tmp surefire_01806745440780818629tmp"/>
    <property name="jdk.debug" value="release"/>
    <property name="surefire.test.class.path" value="D:\projects\Udemy\Chad_Darby\spring_boot_unit_testing_cd_forked\sec_2_junit_review\target\test-classes;D:\projects\Udemy\Chad_Darby\spring_boot_unit_testing_cd_forked\sec_2_junit_review\target\classes;C:\Users\vtminh1\.m2\repository\org\junit\jupiter\junit-jupiter\5.8.2\junit-jupiter-5.8.2.jar;C:\Users\vtminh1\.m2\repository\org\junit\jupiter\junit-jupiter-api\5.8.2\junit-jupiter-api-5.8.2.jar;C:\Users\vtminh1\.m2\repository\org\opentest4j\opentest4j\1.2.0\opentest4j-1.2.0.jar;C:\Users\vtminh1\.m2\repository\org\junit\platform\junit-platform-commons\1.8.2\junit-platform-commons-1.8.2.jar;C:\Users\vtminh1\.m2\repository\org\apiguardian\apiguardian-api\1.1.2\apiguardian-api-1.1.2.jar;C:\Users\vtminh1\.m2\repository\org\junit\jupiter\junit-jupiter-params\5.8.2\junit-jupiter-params-5.8.2.jar;C:\Users\vtminh1\.m2\repository\org\junit\jupiter\junit-jupiter-engine\5.8.2\junit-jupiter-engine-5.8.2.jar;C:\Users\vtminh1\.m2\repository\org\junit\platform\junit-platform-engine\1.8.2\junit-platform-engine-1.8.2.jar;C:\Users\vtminh1\.m2\repository\org\hamcrest\hamcrest\2.2\hamcrest-2.2.jar;C:\Users\vtminh1\.m2\repository\org\mockito\mockito-inline\4.6.1\mockito-inline-4.6.1.jar;C:\Users\vtminh1\.m2\repository\org\mockito\mockito-core\4.6.1\mockito-core-4.6.1.jar;C:\Users\vtminh1\.m2\repository\net\bytebuddy\byte-buddy\1.12.10\byte-buddy-1.12.10.jar;C:\Users\vtminh1\.m2\repository\net\bytebuddy\byte-buddy-agent\1.12.10\byte-buddy-agent-1.12.10.jar;C:\Users\vtminh1\.m2\repository\org\objenesis\objenesis\3.2\objenesis-3.2.jar;C:\Users\vtminh1\.m2\repository\org\mockito\mockito-junit-jupiter\4.6.1\mockito-junit-jupiter-4.6.1.jar;"/>
    <property name="sun.cpu.endian" value="little"/>
    <property name="user.home" value="C:\Users\vtminh1"/>
    <property name="user.language" value="en"/>
    <property name="java.specification.vendor" value="Oracle Corporation"/>
    <property name="java.version.date" value="2022-10-18"/>
    <property name="java.home" value="C:\Program Files\Java\jdk-17.0.5"/>
    <property name="file.separator" value="\"/>
    <property name="basedir" value="D:\projects\Udemy\Chad_Darby\spring_boot_unit_testing_cd_forked\sec_2_junit_review"/>
    <property name="java.vm.compressedOopsMode" value="Zero based"/>
    <property name="line.separator" value="&#10;"/>
    <property name="java.vm.specification.vendor" value="Oracle Corporation"/>
    <property name="java.specification.name" value="Java Platform API Specification"/>
    <property name="surefire.real.class.path" value="C:\Users\vtminh1\AppData\Local\Temp\surefire7810376986661970690\surefirebooter12690220437820766205.jar"/>
    <property name="user.script" value=""/>
    <property name="sun.management.compiler" value="HotSpot 64-Bit Tiered Compilers"/>
    <property name="java.runtime.version" value="17.0.5+9-LTS-191"/>
    <property name="user.name" value="vtminh1"/>
    <property name="path.separator" value=";"/>
    <property name="os.version" value="10.0"/>
    <property name="java.runtime.name" value="Java(TM) SE Runtime Environment"/>
    <property name="file.encoding" value="Cp1252"/>
    <property name="java.vm.name" value="Java HotSpot(TM) 64-Bit Server VM"/>
    <property name="localRepository" value="C:\Users\vtminh1\.m2\repository"/>
    <property name="java.vendor.url.bug" value="https://bugreport.java.com/bugreport/"/>
    <property name="java.io.tmpdir" value="C:\Users\vtminh1\AppData\Local\Temp\"/>
    <property name="idea.version" value="2022.3"/>
    <property name="java.version" value="17.0.5"/>
    <property name="user.dir" value="D:\projects\Udemy\Chad_Darby\spring_boot_unit_testing_cd_forked\sec_2_junit_review"/>
    <property name="os.arch" value="amd64"/>
    <property name="java.vm.specification.name" value="Java Virtual Machine Specification"/>
    <property name="sun.os.patch.level" value=""/>
    <property name="native.encoding" value="Cp1252"/>
    <property name="java.library.path" value="C:\Program Files\Java\jdk-17.0.5\bin;C:\WINDOWS\Sun\Java\bin;C:\WINDOWS\system32;C:\WINDOWS;C:\Python311\Scripts\;C:\Python311\;C:\Program Files\Common Files\Oracle\Java\javapath;C:\WINDOWS\system32;C:\WINDOWS;C:\WINDOWS\System32\Wbem;C:\WINDOWS\System32\WindowsPowerShell\v1.0\;C:\WINDOWS\System32\OpenSSH\;C:\Program Files\TortoiseSVN\bin;C:\Program Files\Java\jdk-17.0.5\bin;C:\ProgramData\chocolatey\bin;C:\Users\Administrator\AppData\Roaming\nvm;C:\Program Files\nodejs;C:\Program Files\Gradle\gradle-6.9.3\bin;;C:\Program Files\Docker\Docker\resources\bin;C:\Program Files\nodejs\;C:\Users\vtminh1\AppData\Local\Microsoft\WindowsApps;C:\Users\vtminh1\AppData\Local\JetBrains\Toolbox\scripts;C:\Users\vtminh1\AppData\Local\Programs\Microsoft VS Code\bin;C:\Users\vtminh1\AppData\Local\Programs\Git\cmd;C:\Users\vtminh1\AppData\Roaming\npm;."/>
    <property name="java.vm.info" value="mixed mode, sharing"/>
    <property name="java.vendor" value="Oracle Corporation"/>
    <property name="java.vm.version" value="17.0.5+9-LTS-191"/>
    <property name="sun.io.unicode.encoding" value="UnicodeLittle"/>
    <property name="java.class.version" value="61.0"/>
  </properties>
  <testcase name="test null &amp; not null" classname="com.udemy.chaddarby.spring_boot_unit_testing.DemoUtilsTest" time="0.029">
    <system-out><![CDATA[@BeforeAll executes once before all tests

initialize a DemoUtils instance before each test
running testNullAndNotNull
clean up after each test

]]></system-out>
  </testcase>
  <testcase name="test equals &amp; not equals" classname="com.udemy.chaddarby.spring_boot_unit_testing.DemoUtilsTest" time="0.003">
    <system-out><![CDATA[initialize a DemoUtils instance before each test
running testEqualsAndNotEquals
clean up after each test

]]></system-out>
  </testcase>
  <testcase name="test true or false" classname="com.udemy.chaddarby.spring_boot_unit_testing.DemoUtilsTest" time="0.002">
    <system-out><![CDATA[initialize a DemoUtils instance before each test
clean up after each test

]]></system-out>
  </testcase>
  <testcase name="test if lines match each other" classname="com.udemy.chaddarby.spring_boot_unit_testing.DemoUtilsTest" time="0.003">
    <system-out><![CDATA[initialize a DemoUtils instance before each test
clean up after each test

]]></system-out>
  </testcase>
  <testcase name="test if exception is thrown or not" classname="com.udemy.chaddarby.spring_boot_unit_testing.DemoUtilsTest" time="0.004">
    <system-out><![CDATA[initialize a DemoUtils instance before each test
clean up after each test

]]></system-out>
  </testcase>
  <testcase name="test timeout" classname="com.udemy.chaddarby.spring_boot_unit_testing.DemoUtilsTest" time="2.014">
    <system-out><![CDATA[initialize a DemoUtils instance before each test
I am going to sleep
Sleeping over
clean up after each test

]]></system-out>
  </testcase>
  <testcase name="test if iterables are the same" classname="com.udemy.chaddarby.spring_boot_unit_testing.DemoUtilsTest" time="0.005">
    <system-out><![CDATA[initialize a DemoUtils instance before each test
clean up after each test

]]></system-out>
  </testcase>
  <testcase name="test same &amp; not same" classname="com.udemy.chaddarby.spring_boot_unit_testing.DemoUtilsTest" time="0.004">
    <system-out><![CDATA[initialize a DemoUtils instance before each test
clean up after each test

]]></system-out>
  </testcase>
  <testcase name="test multiplication" classname="com.udemy.chaddarby.spring_boot_unit_testing.DemoUtilsTest" time="0.007">
    <system-out><![CDATA[initialize a DemoUtils instance before each test
running testMultiplication
clean up after each test

]]></system-out>
  </testcase>
  <testcase name="test if arrays are the same" classname="com.udemy.chaddarby.spring_boot_unit_testing.DemoUtilsTest" time="0.004">
    <system-out><![CDATA[initialize a DemoUtils instance before each test
clean up after each test

]]></system-out>
  </testcase>
</testsuite>